<?xml version="1.0" encoding="UTF-8"?>
<testsuite name="agh.ii.prinjava.lab02.exc02_01.impl.LinkedListBasedImplTest" tests="1" skipped="0" failures="0" errors="0" timestamp="2023-03-11T18:59:41" hostname="HAMZALAPTOP" time="0.001">
  <properties/>
  <testcase name="newStackIsEmpty()" classname="agh.ii.prinjava.lab02.exc02_01.impl.LinkedListBasedImplTest" time="0.001"/>
  <system-out><![CDATA[]]></system-out>
  <system-err><![CDATA[]]></system-err>
</testsuite>
