<?xml version="1.0" encoding="UTF-8"?>
<testsuite name="agh.ii.prinjava.lab03.exc03_01.impl.LinkedListBasedImplTest" tests="5" skipped="0" failures="0" errors="0" timestamp="2023-03-13T17:02:03" hostname="HAMZALAPTOP" time="0.025">
  <properties/>
  <testcase name="DeQueueEmptyQueue()" classname="agh.ii.prinjava.lab03.exc03_01.impl.LinkedListBasedImplTest" time="0.018"/>
  <testcase name="testingEnqueueAndDequeue()" classname="agh.ii.prinjava.lab03.exc03_01.impl.LinkedListBasedImplTest" time="0.003"/>
  <testcase name="newQueueIsEmpty()" classname="agh.ii.prinjava.lab03.exc03_01.impl.LinkedListBasedImplTest" time="0.001"/>
  <testcase name="testNumOfelementsInQueue()" classname="agh.ii.prinjava.lab03.exc03_01.impl.LinkedListBasedImplTest" time="0.001"/>
  <testcase name="PeekEmptyQueue()" classname="agh.ii.prinjava.lab03.exc03_01.impl.LinkedListBasedImplTest" time="0.001"/>
  <system-out><![CDATA[]]></system-out>
  <system-err><![CDATA[]]></system-err>
</testsuite>
